{"/skydrop/strider-istanbul/worker.js":{"path":"/skydrop/strider-istanbul/worker.js","s":{"1":1,"2":1,"3":0,"4":0,"5":0,"6":0,"7":0,"8":0,"9":0,"10":0,"11":0,"12":0,"13":0,"14":0,"15":0,"16":0},"b":{"1":[0,0],"2":[0,0],"3":[0,0]},"f":{"1":1,"2":0,"3":0,"4":0,"5":0},"fnMap":{"1":{"name":"(anonymous_1)","line":3,"loc":{"start":{"line":3,"column":8},"end":{"line":3,"column":44}}},"2":{"name":"(anonymous_2)","line":10,"loc":{"start":{"line":10,"column":14},"end":{"line":10,"column":42}}},"3":{"name":"(anonymous_3)","line":12,"loc":{"start":{"line":12,"column":12},"end":{"line":12,"column":37}}},"4":{"name":"(anonymous_4)","line":16,"loc":{"start":{"line":16,"column":11},"end":{"line":16,"column":34}}},"5":{"name":"(anonymous_5)","line":22,"loc":{"start":{"line":22,"column":13},"end":{"line":22,"column":36}}}},"statementMap":{"1":{"start":{"line":2,"column":0},"end":{"line":37,"column":2}},"2":{"start":{"line":4,"column":4},"end":{"line":35,"column":7}},"3":{"start":{"line":13,"column":8},"end":{"line":13,"column":24}},"4":{"start":{"line":14,"column":8},"end":{"line":33,"column":11}},"5":{"start":{"line":17,"column":10},"end":{"line":19,"column":11}},"6":{"start":{"line":18,"column":12},"end":{"line":18,"column":34}},"7":{"start":{"line":20,"column":10},"end":{"line":32,"column":13}},"8":{"start":{"line":23,"column":12},"end":{"line":25,"column":13}},"9":{"start":{"line":24,"column":14},"end":{"line":24,"column":36}},"10":{"start":{"line":26,"column":12},"end":{"line":26,"column":44}},"11":{"start":{"line":27,"column":12},"end":{"line":27,"column":61}},"12":{"start":{"line":28,"column":12},"end":{"line":28,"column":44}},"13":{"start":{"line":29,"column":12},"end":{"line":29,"column":41}},"14":{"start":{"line":30,"column":12},"end":{"line":30,"column":48}},"15":{"start":{"line":30,"column":31},"end":{"line":30,"column":48}},"16":{"start":{"line":31,"column":12},"end":{"line":31,"column":19}}},"branchMap":{"1":{"line":17,"type":"if","locations":[{"start":{"line":17,"column":10},"end":{"line":17,"column":10}},{"start":{"line":17,"column":10},"end":{"line":17,"column":10}}]},"2":{"line":23,"type":"if","locations":[{"start":{"line":23,"column":12},"end":{"line":23,"column":12}},{"start":{"line":23,"column":12},"end":{"line":23,"column":12}}]},"3":{"line":30,"type":"if","locations":[{"start":{"line":30,"column":12},"end":{"line":30,"column":12}},{"start":{"line":30,"column":12},"end":{"line":30,"column":12}}]}}},"/skydrop/strider-istanbul/webapp.js":{"path":"/skydrop/strider-istanbul/webapp.js","s":{"1":1,"2":1,"3":0,"4":0,"5":0},"b":{},"f":{"1":0,"2":0,"3":0},"fnMap":{"1":{"name":"(anonymous_1)","line":24,"loc":{"start":{"line":24,"column":10},"end":{"line":24,"column":34}}},"2":{"name":"(anonymous_2)","line":32,"loc":{"start":{"line":32,"column":16},"end":{"line":32,"column":40}}},"3":{"name":"(anonymous_3)","line":39,"loc":{"start":{"line":39,"column":10},"end":{"line":39,"column":38}}}},"statementMap":{"1":{"start":{"line":3,"column":0},"end":{"line":3,"column":58}},"2":{"start":{"line":5,"column":0},"end":{"line":42,"column":2}},"3":{"start":{"line":25,"column":4},"end":{"line":25,"column":19}},"4":{"start":{"line":33,"column":4},"end":{"line":33,"column":19}},"5":{"start":{"line":40,"column":4},"end":{"line":40,"column":19}}},"branchMap":{}}}